13:36:53.915514 exec-cmd.c:266          trace: resolved executable dir: C:/Program Files/Git/mingw64/bin
13:36:53.935561 git.c:476               trace: built-in: git push origin main --verbose
13:36:53.939572 run-command.c:668       trace: run_command: GIT_DIR=.git git remote-https origin https://github.com/iamthegreatdestroyer/Ryot.git
13:36:53.939572 run-command.c:929       trace: start_command: git remote-https origin https://github.com/iamthegreatdestroyer/Ryot.git
13:36:54.501691 exec-cmd.c:266          trace: resolved executable dir: C:/Program Files/Git/mingw64/libexec/git-core
13:36:54.615729 git.c:773               trace: exec: git-remote-https origin https://github.com/iamthegreatdestroyer/Ryot.git
13:36:54.615729 run-command.c:668       trace: run_command: git-remote-https origin https://github.com/iamthegreatdestroyer/Ryot.git
13:36:54.615729 run-command.c:929       trace: start_command: git-remote-https origin https://github.com/iamthegreatdestroyer/Ryot.git
13:36:55.019051 exec-cmd.c:266          trace: resolved executable dir: C:/Program Files/Git/mingw64/libexec/git-core
13:36:57.653047 run-command.c:668       trace: run_command: 'git credential-manager get'
13:36:57.654562 run-command.c:929       trace: start_command: 'C:/Program Files/Git/usr/bin/sh.exe' -c 'git credential-manager get' 'git credential-manager get'
13:36:59.147624 exec-cmd.c:266          trace: resolved executable dir: C:/Program Files/Git/mingw64/libexec/git-core
13:36:59.166158 git.c:773               trace: exec: git-credential-manager get
13:36:59.166158 run-command.c:668       trace: run_command: git-credential-manager get
13:36:59.166158 run-command.c:929       trace: start_command: git-credential-manager get
13:36:59.683865 exec-cmd.c:266          trace: resolved executable dir: C:/Program Files/Git/mingw64/libexec/git-core
13:36:59.702644 git.c:476               trace: built-in: git config --null --list
13:37:00.353409 run-command.c:668       trace: run_command: 'git credential-manager store'
13:37:00.353409 run-command.c:929       trace: start_command: 'C:/Program Files/Git/usr/bin/sh.exe' -c 'git credential-manager store' 'git credential-manager store'
13:37:00.566765 exec-cmd.c:266          trace: resolved executable dir: C:/Program Files/Git/mingw64/libexec/git-core
13:37:00.587815 git.c:773               trace: exec: git-credential-manager store
13:37:00.587815 run-command.c:668       trace: run_command: git-credential-manager store
13:37:00.587815 run-command.c:929       trace: start_command: git-credential-manager store
13:37:00.868740 exec-cmd.c:266          trace: resolved executable dir: C:/Program Files/Git/mingw64/libexec/git-core
13:37:00.887743 git.c:476               trace: built-in: git config --null --list
13:37:01.225780 run-command.c:668       trace: run_command: git send-pack --stateless-rpc --helper-status --thin --verbose --no-progress https://github.com/iamthegreatdestroyer/Ryot.git/ --stdin
13:37:01.225780 run-command.c:929       trace: start_command: git send-pack --stateless-rpc --helper-status --thin --verbose --no-progress https://github.com/iamthegreatdestroyer/Ryot.git/ --stdin
13:37:01.259971 exec-cmd.c:266          trace: resolved executable dir: C:/Program Files/Git/mingw64/libexec/git-core
13:37:01.284992 git.c:476               trace: built-in: git send-pack --stateless-rpc --helper-status --thin --verbose --no-progress https://github.com/iamthegreatdestroyer/Ryot.git/ --stdin
13:37:01.292976 run-command.c:668       trace: run_command: git pack-objects --all-progress-implied --revs --stdout --thin --delta-base-offset -q
13:37:01.292976 run-command.c:929       trace: start_command: git pack-objects --all-progress-implied --revs --stdout --thin --delta-base-offset -q
13:37:01.323795 exec-cmd.c:266          trace: resolved executable dir: C:/Program Files/Git/mingw64/libexec/git-core
13:37:01.343532 git.c:476               trace: built-in: git pack-objects --all-progress-implied --revs --stdout --thin --delta-base-offset -q
POST git-receive-pack (chunked)
